<?xml version="1.0" encoding="UTF-8"?>
<coverage generated="1644956447029" clover="3.2.0">
  <project timestamp="1644956447030" name="All files">
    <metrics statements="96" coveredstatements="89" conditionals="21" coveredconditionals="21" methods="38" coveredmethods="31" elements="155" coveredelements="141" complexity="0" loc="96" ncloc="96" packages="1" files="3" classes="3"/>
    <file name="client.js" path="C:\Users\peter.letkeman\Downloads\learning-master\learning-master\messenger\client.js">
      <metrics statements="42" coveredstatements="42" conditionals="14" coveredconditionals="14" methods="10" coveredmethods="10"/>
      <line num="1" count="1" type="stmt"/>
      <line num="4" count="15" type="stmt"/>
      <line num="11" count="8" type="stmt"/>
      <line num="15" count="141" type="stmt"/>
      <line num="20" count="1" type="stmt"/>
      <line num="21" count="10" type="stmt"/>
      <line num="27" count="2" type="stmt"/>
      <line num="28" count="2" type="stmt"/>
      <line num="29" count="2" type="stmt"/>
      <line num="33" count="2" type="cond" truecount="4" falsecount="0"/>
      <line num="34" count="1" type="stmt"/>
      <line num="37" count="1" type="stmt"/>
      <line num="38" count="1" type="stmt"/>
      <line num="39" count="1" type="stmt"/>
      <line num="40" count="1" type="stmt"/>
      <line num="41" count="1" type="stmt"/>
      <line num="42" count="1" type="stmt"/>
      <line num="43" count="1" type="stmt"/>
      <line num="44" count="1" type="stmt"/>
      <line num="45" count="1" type="stmt"/>
      <line num="46" count="1" type="stmt"/>
      <line num="47" count="1" type="stmt"/>
      <line num="48" count="1" type="stmt"/>
      <line num="49" count="1" type="stmt"/>
      <line num="54" count="2" type="stmt"/>
      <line num="55" count="19" type="cond" truecount="2" falsecount="0"/>
      <line num="56" count="1" type="stmt"/>
      <line num="59" count="1" type="stmt"/>
      <line num="64" count="2" type="stmt"/>
      <line num="65" count="17" type="cond" truecount="2" falsecount="0"/>
      <line num="66" count="1" type="stmt"/>
      <line num="69" count="1" type="stmt"/>
      <line num="74" count="2" type="stmt"/>
      <line num="75" count="11" type="cond" truecount="2" falsecount="0"/>
      <line num="76" count="1" type="stmt"/>
      <line num="79" count="1" type="stmt"/>
      <line num="85" count="6" type="cond" truecount="2" falsecount="0"/>
      <line num="87" count="1" type="stmt"/>
      <line num="89" count="6" type="cond" truecount="2" falsecount="0"/>
      <line num="91" count="1" type="stmt"/>
      <line num="93" count="6" type="stmt"/>
      <line num="96" count="1" type="stmt"/>
    </file>
    <file name="message.js" path="C:\Users\peter.letkeman\Downloads\learning-master\learning-master\messenger\message.js">
      <metrics statements="49" coveredstatements="42" conditionals="7" coveredconditionals="7" methods="27" coveredmethods="20"/>
      <line num="1" count="1" type="stmt"/>
      <line num="18" count="282" type="stmt"/>
      <line num="19" count="282" type="stmt"/>
      <line num="20" count="282" type="stmt"/>
      <line num="21" count="282" type="stmt"/>
      <line num="22" count="282" type="stmt"/>
      <line num="23" count="282" type="stmt"/>
      <line num="24" count="282" type="stmt"/>
      <line num="25" count="282" type="stmt"/>
      <line num="30" count="2" type="cond" truecount="2" falsecount="0"/>
      <line num="31" count="1" type="stmt"/>
      <line num="33" count="1" type="stmt"/>
      <line num="38" count="0" type="stmt"/>
      <line num="42" count="0" type="stmt"/>
      <line num="46" count="0" type="stmt"/>
      <line num="50" count="2" type="stmt"/>
      <line num="54" count="0" type="stmt"/>
      <line num="58" count="0" type="stmt"/>
      <line num="62" count="12" type="cond" truecount="2" falsecount="0"/>
      <line num="63" count="11" type="stmt"/>
      <line num="65" count="1" type="stmt"/>
      <line num="72" count="10" type="stmt"/>
      <line num="76" count="29" type="stmt"/>
      <line num="80" count="27" type="stmt"/>
      <line num="84" count="21" type="stmt"/>
      <line num="88" count="10" type="stmt"/>
      <line num="92" count="0" type="stmt"/>
      <line num="96" count="0" type="stmt"/>
      <line num="100" count="20" type="stmt"/>
      <line num="108" count="282" type="stmt"/>
      <line num="109" count="141" type="stmt"/>
      <line num="111" count="141" type="stmt"/>
      <line num="112" count="141" type="stmt"/>
      <line num="115" count="141" type="stmt"/>
      <line num="116" count="141" type="stmt"/>
      <line num="119" count="141" type="stmt"/>
      <line num="120" count="141" type="stmt"/>
      <line num="123" count="141" type="stmt"/>
      <line num="124" count="141" type="stmt"/>
      <line num="127" count="141" type="stmt"/>
      <line num="128" count="141" type="stmt"/>
      <line num="131" count="141" type="stmt"/>
      <line num="132" count="141" type="stmt"/>
      <line num="135" count="141" type="stmt"/>
      <line num="136" count="141" type="stmt"/>
      <line num="139" count="140" type="stmt"/>
      <line num="140" count="140" type="stmt"/>
      <line num="143" count="141" type="stmt"/>
      <line num="152" count="1" type="stmt"/>
    </file>
    <file name="user.js" path="C:\Users\peter.letkeman\Downloads\learning-master\learning-master\messenger\user.js">
      <metrics statements="5" coveredstatements="5" conditionals="0" coveredconditionals="0" methods="1" coveredmethods="1"/>
      <line num="8" count="280" type="stmt"/>
      <line num="9" count="280" type="stmt"/>
      <line num="10" count="280" type="stmt"/>
      <line num="11" count="280" type="stmt"/>
      <line num="14" count="1" type="stmt"/>
    </file>
  </project>
</coverage>
