{"C:\\Users\\peter.letkeman\\Downloads\\learning-master\\learning-master\\messenger\\client.js": {"path":"C:\\Users\\peter.letkeman\\Downloads\\learning-master\\learning-master\\messenger\\client.js","statementMap":{"0":{"start":{"line":1,"column":16},"end":{"line":1,"column":36}},"1":{"start":{"line":4,"column":15},"end":{"line":4,"column":17}},"2":{"start":{"line":11,"column":8},"end":{"line":11,"column":36}},"3":{"start":{"line":15,"column":8},"end":{"line":15,"column":36}},"4":{"start":{"line":20,"column":8},"end":{"line":22,"column":9}},"5":{"start":{"line":21,"column":12},"end":{"line":21,"column":43}},"6":{"start":{"line":27,"column":8},"end":{"line":27,"column":37}},"7":{"start":{"line":28,"column":8},"end":{"line":28,"column":38}},"8":{"start":{"line":29,"column":8},"end":{"line":29,"column":30}},"9":{"start":{"line":33,"column":8},"end":{"line":35,"column":9}},"10":{"start":{"line":34,"column":12},"end":{"line":34,"column":34}},"11":{"start":{"line":37,"column":26},"end":{"line":37,"column":63}},"12":{"start":{"line":38,"column":8},"end":{"line":38,"column":55}},"13":{"start":{"line":39,"column":8},"end":{"line":39,"column":58}},"14":{"start":{"line":40,"column":8},"end":{"line":40,"column":63}},"15":{"start":{"line":41,"column":8},"end":{"line":41,"column":39}},"16":{"start":{"line":42,"column":8},"end":{"line":42,"column":91}},"17":{"start":{"line":43,"column":8},"end":{"line":43,"column":59}},"18":{"start":{"line":44,"column":8},"end":{"line":44,"column":41}},"19":{"start":{"line":45,"column":8},"end":{"line":45,"column":95}},"20":{"start":{"line":46,"column":8},"end":{"line":46,"column":61}},"21":{"start":{"line":47,"column":8},"end":{"line":47,"column":60}},"22":{"start":{"line":48,"column":8},"end":{"line":48,"column":54}},"23":{"start":{"line":49,"column":8},"end":{"line":49,"column":27}},"24":{"start":{"line":54,"column":8},"end":{"line":58,"column":9}},"25":{"start":{"line":55,"column":12},"end":{"line":57,"column":13}},"26":{"start":{"line":56,"column":16},"end":{"line":56,"column":42}},"27":{"start":{"line":59,"column":8},"end":{"line":59,"column":30}},"28":{"start":{"line":64,"column":8},"end":{"line":68,"column":9}},"29":{"start":{"line":65,"column":12},"end":{"line":67,"column":13}},"30":{"start":{"line":66,"column":16},"end":{"line":66,"column":42}},"31":{"start":{"line":69,"column":8},"end":{"line":69,"column":30}},"32":{"start":{"line":74,"column":8},"end":{"line":78,"column":9}},"33":{"start":{"line":75,"column":12},"end":{"line":77,"column":13}},"34":{"start":{"line":76,"column":16},"end":{"line":76,"column":42}},"35":{"start":{"line":79,"column":8},"end":{"line":79,"column":30}},"36":{"start":{"line":85,"column":8},"end":{"line":88,"column":9}},"37":{"start":{"line":87,"column":12},"end":{"line":87,"column":19}},"38":{"start":{"line":89,"column":8},"end":{"line":92,"column":9}},"39":{"start":{"line":91,"column":12},"end":{"line":91,"column":39}},"40":{"start":{"line":93,"column":8},"end":{"line":93,"column":33}},"41":{"start":{"line":96,"column":0},"end":{"line":96,"column":24}}},"fnMap":{"0":{"name":"(anonymous_0)","decl":{"start":{"line":6,"column":4},"end":{"line":6,"column":5}},"loc":{"start":{"line":6,"column":18},"end":{"line":8,"column":5}},"line":6},"1":{"name":"(anonymous_1)","decl":{"start":{"line":10,"column":4},"end":{"line":10,"column":5}},"loc":{"start":{"line":10,"column":18},"end":{"line":12,"column":5}},"line":10},"2":{"name":"(anonymous_2)","decl":{"start":{"line":13,"column":4},"end":{"line":13,"column":5}},"loc":{"start":{"line":13,"column":23},"end":{"line":16,"column":5}},"line":13},"3":{"name":"(anonymous_3)","decl":{"start":{"line":18,"column":4},"end":{"line":18,"column":5}},"loc":{"start":{"line":18,"column":18},"end":{"line":23,"column":5}},"line":18},"4":{"name":"(anonymous_4)","decl":{"start":{"line":25,"column":4},"end":{"line":25,"column":5}},"loc":{"start":{"line":25,"column":56},"end":{"line":30,"column":5}},"line":25},"5":{"name":"(anonymous_5)","decl":{"start":{"line":32,"column":4},"end":{"line":32,"column":5}},"loc":{"start":{"line":32,"column":20},"end":{"line":50,"column":5}},"line":32},"6":{"name":"(anonymous_6)","decl":{"start":{"line":52,"column":4},"end":{"line":52,"column":5}},"loc":{"start":{"line":52,"column":33},"end":{"line":60,"column":5}},"line":52},"7":{"name":"(anonymous_7)","decl":{"start":{"line":62,"column":4},"end":{"line":62,"column":5}},"loc":{"start":{"line":62,"column":27},"end":{"line":70,"column":5}},"line":62},"8":{"name":"(anonymous_8)","decl":{"start":{"line":72,"column":4},"end":{"line":72,"column":5}},"loc":{"start":{"line":72,"column":30},"end":{"line":80,"column":5}},"line":72},"9":{"name":"(anonymous_9)","decl":{"start":{"line":83,"column":4},"end":{"line":83,"column":5}},"loc":{"start":{"line":83,"column":23},"end":{"line":94,"column":5}},"line":83}},"branchMap":{"0":{"loc":{"start":{"line":33,"column":8},"end":{"line":35,"column":9}},"type":"if","locations":[{"start":{"line":33,"column":8},"end":{"line":35,"column":9}},{"start":{},"end":{}}],"line":33},"1":{"loc":{"start":{"line":33,"column":12},"end":{"line":33,"column":48}},"type":"binary-expr","locations":[{"start":{"line":33,"column":13},"end":{"line":33,"column":24}},{"start":{"line":33,"column":30},"end":{"line":33,"column":47}}],"line":33},"2":{"loc":{"start":{"line":55,"column":12},"end":{"line":57,"column":13}},"type":"if","locations":[{"start":{"line":55,"column":12},"end":{"line":57,"column":13}},{"start":{},"end":{}}],"line":55},"3":{"loc":{"start":{"line":65,"column":12},"end":{"line":67,"column":13}},"type":"if","locations":[{"start":{"line":65,"column":12},"end":{"line":67,"column":13}},{"start":{},"end":{}}],"line":65},"4":{"loc":{"start":{"line":75,"column":12},"end":{"line":77,"column":13}},"type":"if","locations":[{"start":{"line":75,"column":12},"end":{"line":77,"column":13}},{"start":{},"end":{}}],"line":75},"5":{"loc":{"start":{"line":85,"column":8},"end":{"line":88,"column":9}},"type":"if","locations":[{"start":{"line":85,"column":8},"end":{"line":88,"column":9}},{"start":{},"end":{}}],"line":85},"6":{"loc":{"start":{"line":89,"column":8},"end":{"line":92,"column":9}},"type":"if","locations":[{"start":{"line":89,"column":8},"end":{"line":92,"column":9}},{"start":{},"end":{}}],"line":89}},"s":{"0":1,"1":15,"2":8,"3":141,"4":1,"5":10,"6":2,"7":2,"8":2,"9":2,"10":1,"11":1,"12":1,"13":1,"14":1,"15":1,"16":1,"17":1,"18":1,"19":1,"20":1,"21":1,"22":1,"23":1,"24":2,"25":19,"26":1,"27":1,"28":2,"29":17,"30":1,"31":1,"32":2,"33":11,"34":1,"35":1,"36":6,"37":1,"38":6,"39":1,"40":6,"41":1},"f":{"0":15,"1":8,"2":141,"3":1,"4":2,"5":2,"6":2,"7":2,"8":2,"9":6},"b":{"0":[1,1],"1":[2,1],"2":[1,18],"3":[1,16],"4":[1,10],"5":[1,5],"6":[1,5]},"_coverageSchema":"1a1c01bbd47fc00a2c39e90264f33305004495a9","hash":"6f036fe7126c6bcaa26a6218f2aa37c3614862a9"}
,"C:\\Users\\peter.letkeman\\Downloads\\learning-master\\learning-master\\messenger\\message.js": {"path":"C:\\Users\\peter.letkeman\\Downloads\\learning-master\\learning-master\\messenger\\message.js","statementMap":{"0":{"start":{"line":1,"column":13},"end":{"line":1,"column":30}},"1":{"start":{"line":18,"column":8},"end":{"line":18,"column":32}},"2":{"start":{"line":19,"column":8},"end":{"line":19,"column":31}},"3":{"start":{"line":20,"column":8},"end":{"line":20,"column":25}},"4":{"start":{"line":21,"column":8},"end":{"line":21,"column":31}},"5":{"start":{"line":22,"column":8},"end":{"line":22,"column":33}},"6":{"start":{"line":23,"column":8},"end":{"line":23,"column":29}},"7":{"start":{"line":24,"column":8},"end":{"line":24,"column":33}},"8":{"start":{"line":25,"column":8},"end":{"line":25,"column":25}},"9":{"start":{"line":30,"column":8},"end":{"line":34,"column":9}},"10":{"start":{"line":31,"column":12},"end":{"line":31,"column":33}},"11":{"start":{"line":33,"column":12},"end":{"line":33,"column":35}},"12":{"start":{"line":38,"column":8},"end":{"line":38,"column":34}},"13":{"start":{"line":42,"column":8},"end":{"line":42,"column":28}},"14":{"start":{"line":46,"column":8},"end":{"line":46,"column":31}},"15":{"start":{"line":50,"column":8},"end":{"line":50,"column":36}},"16":{"start":{"line":54,"column":8},"end":{"line":54,"column":30}},"17":{"start":{"line":58,"column":8},"end":{"line":58,"column":32}},"18":{"start":{"line":62,"column":8},"end":{"line":66,"column":9}},"19":{"start":{"line":63,"column":12},"end":{"line":63,"column":29}},"20":{"start":{"line":65,"column":12},"end":{"line":65,"column":30}},"21":{"start":{"line":72,"column":8},"end":{"line":72,"column":27}},"22":{"start":{"line":76,"column":8},"end":{"line":76,"column":28}},"23":{"start":{"line":80,"column":8},"end":{"line":80,"column":25}},"24":{"start":{"line":84,"column":8},"end":{"line":84,"column":28}},"25":{"start":{"line":88,"column":8},"end":{"line":88,"column":29}},"26":{"start":{"line":92,"column":8},"end":{"line":92,"column":27}},"27":{"start":{"line":96,"column":8},"end":{"line":96,"column":29}},"28":{"start":{"line":100,"column":8},"end":{"line":100,"column":25}},"29":{"start":{"line":108,"column":22},"end":{"line":146,"column":5}},"30":{"start":{"line":109,"column":8},"end":{"line":145,"column":10}},"31":{"start":{"line":111,"column":16},"end":{"line":111,"column":40}},"32":{"start":{"line":112,"column":16},"end":{"line":112,"column":28}},"33":{"start":{"line":115,"column":16},"end":{"line":115,"column":39}},"34":{"start":{"line":116,"column":16},"end":{"line":116,"column":28}},"35":{"start":{"line":119,"column":16},"end":{"line":119,"column":33}},"36":{"start":{"line":120,"column":16},"end":{"line":120,"column":28}},"37":{"start":{"line":123,"column":16},"end":{"line":123,"column":39}},"38":{"start":{"line":124,"column":16},"end":{"line":124,"column":28}},"39":{"start":{"line":127,"column":16},"end":{"line":127,"column":40}},"40":{"start":{"line":128,"column":16},"end":{"line":128,"column":28}},"41":{"start":{"line":131,"column":16},"end":{"line":131,"column":37}},"42":{"start":{"line":132,"column":16},"end":{"line":132,"column":28}},"43":{"start":{"line":135,"column":16},"end":{"line":135,"column":41}},"44":{"start":{"line":136,"column":16},"end":{"line":136,"column":28}},"45":{"start":{"line":139,"column":16},"end":{"line":139,"column":33}},"46":{"start":{"line":140,"column":16},"end":{"line":140,"column":28}},"47":{"start":{"line":143,"column":16},"end":{"line":143,"column":141}},"48":{"start":{"line":152,"column":0},"end":{"line":152,"column":25}}},"fnMap":{"0":{"name":"(anonymous_0)","decl":{"start":{"line":17,"column":4},"end":{"line":17,"column":5}},"loc":{"start":{"line":17,"column":131},"end":{"line":26,"column":5}},"line":17},"1":{"name":"(anonymous_1)","decl":{"start":{"line":29,"column":4},"end":{"line":29,"column":5}},"loc":{"start":{"line":29,"column":24},"end":{"line":35,"column":5}},"line":29},"2":{"name":"(anonymous_2)","decl":{"start":{"line":37,"column":4},"end":{"line":37,"column":5}},"loc":{"start":{"line":37,"column":26},"end":{"line":39,"column":5}},"line":37},"3":{"name":"(anonymous_3)","decl":{"start":{"line":41,"column":4},"end":{"line":41,"column":5}},"loc":{"start":{"line":41,"column":20},"end":{"line":43,"column":5}},"line":41},"4":{"name":"(anonymous_4)","decl":{"start":{"line":45,"column":4},"end":{"line":45,"column":5}},"loc":{"start":{"line":45,"column":23},"end":{"line":47,"column":5}},"line":45},"5":{"name":"(anonymous_5)","decl":{"start":{"line":49,"column":4},"end":{"line":49,"column":5}},"loc":{"start":{"line":49,"column":28},"end":{"line":51,"column":5}},"line":49},"6":{"name":"(anonymous_6)","decl":{"start":{"line":53,"column":4},"end":{"line":53,"column":5}},"loc":{"start":{"line":53,"column":22},"end":{"line":55,"column":5}},"line":53},"7":{"name":"(anonymous_7)","decl":{"start":{"line":57,"column":4},"end":{"line":57,"column":5}},"loc":{"start":{"line":57,"column":24},"end":{"line":59,"column":5}},"line":57},"8":{"name":"(anonymous_8)","decl":{"start":{"line":61,"column":4},"end":{"line":61,"column":5}},"loc":{"start":{"line":61,"column":19},"end":{"line":67,"column":5}},"line":61},"9":{"name":"(anonymous_9)","decl":{"start":{"line":71,"column":4},"end":{"line":71,"column":5}},"loc":{"start":{"line":71,"column":15},"end":{"line":73,"column":5}},"line":71},"10":{"name":"(anonymous_10)","decl":{"start":{"line":75,"column":4},"end":{"line":75,"column":5}},"loc":{"start":{"line":75,"column":16},"end":{"line":77,"column":5}},"line":75},"11":{"name":"(anonymous_11)","decl":{"start":{"line":79,"column":4},"end":{"line":79,"column":5}},"loc":{"start":{"line":79,"column":13},"end":{"line":81,"column":5}},"line":79},"12":{"name":"(anonymous_12)","decl":{"start":{"line":83,"column":4},"end":{"line":83,"column":5}},"loc":{"start":{"line":83,"column":16},"end":{"line":85,"column":5}},"line":83},"13":{"name":"(anonymous_13)","decl":{"start":{"line":87,"column":4},"end":{"line":87,"column":5}},"loc":{"start":{"line":87,"column":17},"end":{"line":89,"column":5}},"line":87},"14":{"name":"(anonymous_14)","decl":{"start":{"line":91,"column":4},"end":{"line":91,"column":5}},"loc":{"start":{"line":91,"column":15},"end":{"line":93,"column":5}},"line":91},"15":{"name":"(anonymous_15)","decl":{"start":{"line":95,"column":4},"end":{"line":95,"column":5}},"loc":{"start":{"line":95,"column":16},"end":{"line":97,"column":5}},"line":95},"16":{"name":"(anonymous_16)","decl":{"start":{"line":99,"column":4},"end":{"line":99,"column":5}},"loc":{"start":{"line":99,"column":12},"end":{"line":101,"column":5}},"line":99},"17":{"name":"(anonymous_17)","decl":{"start":{"line":108,"column":22},"end":{"line":108,"column":23}},"loc":{"start":{"line":108,"column":34},"end":{"line":146,"column":5}},"line":108},"18":{"name":"(anonymous_18)","decl":{"start":{"line":110,"column":24},"end":{"line":110,"column":25}},"loc":{"start":{"line":110,"column":45},"end":{"line":113,"column":13}},"line":110},"19":{"name":"(anonymous_19)","decl":{"start":{"line":114,"column":25},"end":{"line":114,"column":26}},"loc":{"start":{"line":114,"column":44},"end":{"line":117,"column":13}},"line":114},"20":{"name":"(anonymous_20)","decl":{"start":{"line":118,"column":22},"end":{"line":118,"column":23}},"loc":{"start":{"line":118,"column":38},"end":{"line":121,"column":13}},"line":118},"21":{"name":"(anonymous_21)","decl":{"start":{"line":122,"column":25},"end":{"line":122,"column":26}},"loc":{"start":{"line":122,"column":44},"end":{"line":125,"column":13}},"line":122},"22":{"name":"(anonymous_22)","decl":{"start":{"line":126,"column":26},"end":{"line":126,"column":27}},"loc":{"start":{"line":126,"column":45},"end":{"line":129,"column":13}},"line":126},"23":{"name":"(anonymous_23)","decl":{"start":{"line":130,"column":24},"end":{"line":130,"column":25}},"loc":{"start":{"line":130,"column":42},"end":{"line":133,"column":13}},"line":130},"24":{"name":"(anonymous_24)","decl":{"start":{"line":134,"column":26},"end":{"line":134,"column":27}},"loc":{"start":{"line":134,"column":46},"end":{"line":137,"column":13}},"line":134},"25":{"name":"(anonymous_25)","decl":{"start":{"line":138,"column":22},"end":{"line":138,"column":23}},"loc":{"start":{"line":138,"column":38},"end":{"line":141,"column":13}},"line":138},"26":{"name":"(anonymous_26)","decl":{"start":{"line":142,"column":19},"end":{"line":142,"column":20}},"loc":{"start":{"line":142,"column":31},"end":{"line":144,"column":13}},"line":142}},"branchMap":{"0":{"loc":{"start":{"line":17,"column":16},"end":{"line":17,"column":36}},"type":"default-arg","locations":[{"start":{"line":17,"column":28},"end":{"line":17,"column":36}}],"line":17},"1":{"loc":{"start":{"line":17,"column":53},"end":{"line":17,"column":90}},"type":"default-arg","locations":[{"start":{"line":17,"column":63},"end":{"line":17,"column":90}}],"line":17},"2":{"loc":{"start":{"line":17,"column":117},"end":{"line":17,"column":129}},"type":"default-arg","locations":[{"start":{"line":17,"column":124},"end":{"line":17,"column":129}}],"line":17},"3":{"loc":{"start":{"line":30,"column":8},"end":{"line":34,"column":9}},"type":"if","locations":[{"start":{"line":30,"column":8},"end":{"line":34,"column":9}},{"start":{"line":32,"column":15},"end":{"line":34,"column":9}}],"line":30},"4":{"loc":{"start":{"line":62,"column":8},"end":{"line":66,"column":9}},"type":"if","locations":[{"start":{"line":62,"column":8},"end":{"line":66,"column":9}},{"start":{"line":64,"column":14},"end":{"line":66,"column":9}}],"line":62}},"s":{"0":1,"1":282,"2":282,"3":282,"4":282,"5":282,"6":282,"7":282,"8":282,"9":2,"10":1,"11":1,"12":0,"13":0,"14":0,"15":2,"16":0,"17":0,"18":12,"19":11,"20":1,"21":10,"22":29,"23":27,"24":21,"25":10,"26":0,"27":0,"28":20,"29":282,"30":141,"31":141,"32":141,"33":141,"34":141,"35":141,"36":141,"37":141,"38":141,"39":141,"40":141,"41":141,"42":141,"43":141,"44":141,"45":140,"46":140,"47":141,"48":1},"f":{"0":282,"1":2,"2":0,"3":0,"4":0,"5":2,"6":0,"7":0,"8":12,"9":10,"10":29,"11":27,"12":21,"13":10,"14":0,"15":0,"16":20,"17":141,"18":141,"19":141,"20":141,"21":141,"22":141,"23":141,"24":141,"25":140,"26":141},"b":{"0":[141],"1":[141],"2":[142],"3":[1,1],"4":[11,1]},"_coverageSchema":"1a1c01bbd47fc00a2c39e90264f33305004495a9","hash":"a95d533ef98001c74283c80a1d0a1d409f078979"}
,"C:\\Users\\peter.letkeman\\Downloads\\learning-master\\learning-master\\messenger\\user.js": {"path":"C:\\Users\\peter.letkeman\\Downloads\\learning-master\\learning-master\\messenger\\user.js","statementMap":{"0":{"start":{"line":8,"column":8},"end":{"line":8,"column":35}},"1":{"start":{"line":9,"column":8},"end":{"line":9,"column":33}},"2":{"start":{"line":10,"column":8},"end":{"line":10,"column":27}},"3":{"start":{"line":11,"column":8},"end":{"line":11,"column":33}},"4":{"start":{"line":14,"column":0},"end":{"line":14,"column":22}}},"fnMap":{"0":{"name":"(anonymous_0)","decl":{"start":{"line":7,"column":4},"end":{"line":7,"column":5}},"loc":{"start":{"line":7,"column":51},"end":{"line":12,"column":5}},"line":7}},"branchMap":{},"s":{"0":280,"1":280,"2":280,"3":280,"4":1},"f":{"0":280},"b":{},"_coverageSchema":"1a1c01bbd47fc00a2c39e90264f33305004495a9","hash":"8472233cc69daac59f889aa527a429a5e95b3ec6"}
}
