TN:
SF:client.js
FN:6,(anonymous_0)
FN:10,(anonymous_1)
FN:13,(anonymous_2)
FN:18,(anonymous_3)
FN:25,(anonymous_4)
FN:32,(anonymous_5)
FN:52,(anonymous_6)
FN:62,(anonymous_7)
FN:72,(anonymous_8)
FN:83,(anonymous_9)
FNF:10
FNH:10
FNDA:15,(anonymous_0)
FNDA:8,(anonymous_1)
FNDA:141,(anonymous_2)
FNDA:1,(anonymous_3)
FNDA:2,(anonymous_4)
FNDA:2,(anonymous_5)
FNDA:2,(anonymous_6)
FNDA:2,(anonymous_7)
FNDA:2,(anonymous_8)
FNDA:6,(anonymous_9)
DA:1,1
DA:4,15
DA:11,8
DA:15,141
DA:20,1
DA:21,10
DA:27,2
DA:28,2
DA:29,2
DA:33,2
DA:34,1
DA:37,1
DA:38,1
DA:39,1
DA:40,1
DA:41,1
DA:42,1
DA:43,1
DA:44,1
DA:45,1
DA:46,1
DA:47,1
DA:48,1
DA:49,1
DA:54,2
DA:55,19
DA:56,1
DA:59,1
DA:64,2
DA:65,17
DA:66,1
DA:69,1
DA:74,2
DA:75,11
DA:76,1
DA:79,1
DA:85,6
DA:87,1
DA:89,6
DA:91,1
DA:93,6
DA:96,1
LF:42
LH:42
BRDA:33,0,0,1
BRDA:33,0,1,1
BRDA:33,1,0,2
BRDA:33,1,1,1
BRDA:55,2,0,1
BRDA:55,2,1,18
BRDA:65,3,0,1
BRDA:65,3,1,16
BRDA:75,4,0,1
BRDA:75,4,1,10
BRDA:85,5,0,1
BRDA:85,5,1,5
BRDA:89,6,0,1
BRDA:89,6,1,5
BRF:14
BRH:14
end_of_record
TN:
SF:message.js
FN:17,(anonymous_0)
FN:29,(anonymous_1)
FN:37,(anonymous_2)
FN:41,(anonymous_3)
FN:45,(anonymous_4)
FN:49,(anonymous_5)
FN:53,(anonymous_6)
FN:57,(anonymous_7)
FN:61,(anonymous_8)
FN:71,(anonymous_9)
FN:75,(anonymous_10)
FN:79,(anonymous_11)
FN:83,(anonymous_12)
FN:87,(anonymous_13)
FN:91,(anonymous_14)
FN:95,(anonymous_15)
FN:99,(anonymous_16)
FN:108,(anonymous_17)
FN:110,(anonymous_18)
FN:114,(anonymous_19)
FN:118,(anonymous_20)
FN:122,(anonymous_21)
FN:126,(anonymous_22)
FN:130,(anonymous_23)
FN:134,(anonymous_24)
FN:138,(anonymous_25)
FN:142,(anonymous_26)
FNF:27
FNH:20
FNDA:282,(anonymous_0)
FNDA:2,(anonymous_1)
FNDA:0,(anonymous_2)
FNDA:0,(anonymous_3)
FNDA:0,(anonymous_4)
FNDA:2,(anonymous_5)
FNDA:0,(anonymous_6)
FNDA:0,(anonymous_7)
FNDA:12,(anonymous_8)
FNDA:10,(anonymous_9)
FNDA:29,(anonymous_10)
FNDA:27,(anonymous_11)
FNDA:21,(anonymous_12)
FNDA:10,(anonymous_13)
FNDA:0,(anonymous_14)
FNDA:0,(anonymous_15)
FNDA:20,(anonymous_16)
FNDA:141,(anonymous_17)
FNDA:141,(anonymous_18)
FNDA:141,(anonymous_19)
FNDA:141,(anonymous_20)
FNDA:141,(anonymous_21)
FNDA:141,(anonymous_22)
FNDA:141,(anonymous_23)
FNDA:141,(anonymous_24)
FNDA:140,(anonymous_25)
FNDA:141,(anonymous_26)
DA:1,1
DA:18,282
DA:19,282
DA:20,282
DA:21,282
DA:22,282
DA:23,282
DA:24,282
DA:25,282
DA:30,2
DA:31,1
DA:33,1
DA:38,0
DA:42,0
DA:46,0
DA:50,2
DA:54,0
DA:58,0
DA:62,12
DA:63,11
DA:65,1
DA:72,10
DA:76,29
DA:80,27
DA:84,21
DA:88,10
DA:92,0
DA:96,0
DA:100,20
DA:108,282
DA:109,141
DA:111,141
DA:112,141
DA:115,141
DA:116,141
DA:119,141
DA:120,141
DA:123,141
DA:124,141
DA:127,141
DA:128,141
DA:131,141
DA:132,141
DA:135,141
DA:136,141
DA:139,140
DA:140,140
DA:143,141
DA:152,1
LF:49
LH:42
BRDA:17,0,0,141
BRDA:17,1,0,141
BRDA:17,2,0,142
BRDA:30,3,0,1
BRDA:30,3,1,1
BRDA:62,4,0,11
BRDA:62,4,1,1
BRF:7
BRH:7
end_of_record
TN:
SF:user.js
FN:7,(anonymous_0)
FNF:1
FNH:1
FNDA:280,(anonymous_0)
DA:8,280
DA:9,280
DA:10,280
DA:11,280
DA:14,1
LF:5
LH:5
BRF:0
BRH:0
end_of_record
